[INFO] [2017-07-27 13:24:11][org.springframework.beans.factory.xml.XmlBeanDefinitionReader]Loading XML bean definitions from class path resource [spring/spring-dao.xml]
[INFO] [2017-07-27 13:24:12][org.springframework.context.support.GenericApplicationContext]Refreshing org.springframework.context.support.GenericApplicationContext@32d992b2: startup date [Thu Jul 27 13:24:12 CST 2017]; root of context hierarchy
[INFO] [2017-07-27 13:24:12][org.springframework.beans.factory.support.DefaultListableBeanFactory]Destroying singletons in org.springframework.beans.factory.support.DefaultListableBeanFactory@15ff3e9e: defining beans [org.springframework.context.support.PropertySourcesPlaceholderConfigurer#0,dataSource,sqlSessionFactory,org.mybatis.spring.mapper.MapperScannerConfigurer#0,org.springframework.context.annotation.internalConfigurationAnnotationProcessor,org.springframework.context.annotation.internalAutowiredAnnotationProcessor,org.springframework.context.annotation.internalRequiredAnnotationProcessor,org.springframework.context.annotation.internalCommonAnnotationProcessor]; root of factory hierarchy
[ERROR] [2017-07-27 13:24:12][org.springframework.test.context.TestContextManager]Caught exception while allowing TestExecutionListener [org.springframework.test.context.web.ServletTestExecutionListener@489115ef] to prepare test instance [com.gxch.poi.JunitUserDaoTest@3857f613]
java.lang.IllegalStateException: Failed to load ApplicationContext
	at org.springframework.test.context.TestContext.getApplicationContext(TestContext.java:157)
	at org.springframework.test.context.web.ServletTestExecutionListener.setUpRequestContextIfNecessary(ServletTestExecutionListener.java:103)
	at org.springframework.test.context.web.ServletTestExecutionListener.prepareTestInstance(ServletTestExecutionListener.java:73)
	at org.springframework.test.context.TestContextManager.prepareTestInstance(TestContextManager.java:313)
	at org.springframework.test.context.junit4.SpringJUnit4ClassRunner.createTest(SpringJUnit4ClassRunner.java:211)
	at org.springframework.test.context.junit4.SpringJUnit4ClassRunner$1.runReflectiveCall(SpringJUnit4ClassRunner.java:288)
	at org.junit.internal.runners.model.ReflectiveCallable.run(ReflectiveCallable.java:12)
	at org.springframework.test.context.junit4.SpringJUnit4ClassRunner.methodBlock(SpringJUnit4ClassRunner.java:284)
	at org.springframework.test.context.junit4.SpringJUnit4ClassRunner.runChild(SpringJUnit4ClassRunner.java:231)
	at org.springframework.test.context.junit4.SpringJUnit4ClassRunner.runChild(SpringJUnit4ClassRunner.java:88)
	at org.junit.runners.ParentRunner$3.run(ParentRunner.java:290)
	at org.junit.runners.ParentRunner$1.schedule(ParentRunner.java:71)
	at org.junit.runners.ParentRunner.runChildren(ParentRunner.java:288)
	at org.junit.runners.ParentRunner.access$000(ParentRunner.java:58)
	at org.junit.runners.ParentRunner$2.evaluate(ParentRunner.java:268)
	at org.springframework.test.context.junit4.statements.RunBeforeTestClassCallbacks.evaluate(RunBeforeTestClassCallbacks.java:61)
	at org.springframework.test.context.junit4.statements.RunAfterTestClassCallbacks.evaluate(RunAfterTestClassCallbacks.java:71)
	at org.junit.runners.ParentRunner.run(ParentRunner.java:363)
	at org.springframework.test.context.junit4.SpringJUnit4ClassRunner.run(SpringJUnit4ClassRunner.java:174)
	at org.eclipse.jdt.internal.junit4.runner.JUnit4TestReference.run(JUnit4TestReference.java:86)
	at org.eclipse.jdt.internal.junit.runner.TestExecution.run(TestExecution.java:38)
	at org.eclipse.jdt.internal.junit.runner.RemoteTestRunner.runTests(RemoteTestRunner.java:459)
	at org.eclipse.jdt.internal.junit.runner.RemoteTestRunner.runTests(RemoteTestRunner.java:675)
	at org.eclipse.jdt.internal.junit.runner.RemoteTestRunner.run(RemoteTestRunner.java:382)
	at org.eclipse.jdt.internal.junit.runner.RemoteTestRunner.main(RemoteTestRunner.java:192)
Caused by: org.springframework.beans.factory.BeanDefinitionStoreException: Failed to read candidate component class: file [E:\workplace\poi\target\classes\com\gxch\poi\dao\PoiMapper.class]; nested exception is java.lang.IllegalArgumentException
	at org.springframework.context.annotation.ClassPathScanningCandidateComponentProvider.findCandidateComponents(ClassPathScanningCandidateComponentProvider.java:281)
	at org.springframework.context.annotation.ClassPathBeanDefinitionScanner.doScan(ClassPathBeanDefinitionScanner.java:242)
	at org.mybatis.spring.mapper.ClassPathMapperScanner.doScan(ClassPathMapperScanner.java:155)
	at org.springframework.context.annotation.ClassPathBeanDefinitionScanner.scan(ClassPathBeanDefinitionScanner.java:220)
	at org.mybatis.spring.mapper.MapperScannerConfigurer.postProcessBeanDefinitionRegistry(MapperScannerConfigurer.java:315)
	at org.springframework.context.support.AbstractApplicationContext.invokeBeanFactoryPostProcessors(AbstractApplicationContext.java:630)
	at org.springframework.context.support.AbstractApplicationContext.refresh(AbstractApplicationContext.java:461)
	at org.springframework.test.context.support.AbstractGenericContextLoader.loadContext(AbstractGenericContextLoader.java:106)
	at org.springframework.test.context.support.AbstractGenericContextLoader.loadContext(AbstractGenericContextLoader.java:57)
	at org.springframework.test.context.support.AbstractDelegatingSmartContextLoader.delegateLoading(AbstractDelegatingSmartContextLoader.java:100)
	at org.springframework.test.context.support.AbstractDelegatingSmartContextLoader.loadContext(AbstractDelegatingSmartContextLoader.java:248)
	at org.springframework.test.context.TestContext.loadApplicationContext(TestContext.java:124)
	at org.springframework.test.context.TestContext.getApplicationContext(TestContext.java:148)
	... 24 more
Caused by: java.lang.IllegalArgumentException
	at org.springframework.asm.ClassReader.<init>(Unknown Source)
	at org.springframework.asm.ClassReader.<init>(Unknown Source)
	at org.springframework.asm.ClassReader.<init>(Unknown Source)
	at org.springframework.core.type.classreading.SimpleMetadataReader.<init>(SimpleMetadataReader.java:52)
	at org.springframework.core.type.classreading.SimpleMetadataReaderFactory.getMetadataReader(SimpleMetadataReaderFactory.java:80)
	at org.springframework.core.type.classreading.CachingMetadataReaderFactory.getMetadataReader(CachingMetadataReaderFactory.java:101)
	at org.springframework.context.annotation.ClassPathScanningCandidateComponentProvider.findCandidateComponents(ClassPathScanningCandidateComponentProvider.java:257)
	... 36 more
[INFO] [2017-07-27 13:30:20][org.springframework.test.context.support.DefaultTestContextBootstrapper]Loaded default TestExecutionListener class names from location [META-INF/spring.factories]: [org.springframework.test.context.web.ServletTestExecutionListener, org.springframework.test.context.support.DirtiesContextBeforeModesTestExecutionListener, org.springframework.test.context.support.DependencyInjectionTestExecutionListener, org.springframework.test.context.support.DirtiesContextTestExecutionListener, org.springframework.test.context.transaction.TransactionalTestExecutionListener, org.springframework.test.context.jdbc.SqlScriptsTestExecutionListener]
[INFO] [2017-07-27 13:30:20][org.springframework.test.context.support.DefaultTestContextBootstrapper]Using TestExecutionListeners: [org.springframework.test.context.web.ServletTestExecutionListener@47c62251, org.springframework.test.context.support.DirtiesContextBeforeModesTestExecutionListener@3e6fa38a, org.springframework.test.context.support.DependencyInjectionTestExecutionListener@66a3ffec, org.springframework.test.context.support.DirtiesContextTestExecutionListener@77caeb3e, org.springframework.test.context.transaction.TransactionalTestExecutionListener@1e88b3c, org.springframework.test.context.jdbc.SqlScriptsTestExecutionListener@42d80b78]
[INFO] [2017-07-27 13:30:20][org.springframework.beans.factory.xml.XmlBeanDefinitionReader]Loading XML bean definitions from class path resource [spring/spring-dao.xml]
[INFO] [2017-07-27 13:30:21][org.springframework.context.support.GenericApplicationContext]Refreshing org.springframework.context.support.GenericApplicationContext@4e1d422d: startup date [Thu Jul 27 13:30:21 CST 2017]; root of context hierarchy
[INFO] [2017-07-27 13:30:21][com.mchange.v2.log.MLog]MLog clients using slf4j logging.
[INFO] [2017-07-27 13:30:22][com.mchange.v2.c3p0.C3P0Registry]Initializing c3p0-0.9.5.2 [built 08-December-2015 22:06:04 -0800; debug? true; trace: 10]
[INFO] [2017-07-27 13:30:22][com.mchange.v2.c3p0.impl.AbstractPoolBackedDataSource]Initializing c3p0 pool... com.mchange.v2.c3p0.ComboPooledDataSource [ acquireIncrement -> 3, acquireRetryAttempts -> 3, acquireRetryDelay -> 1000, autoCommitOnClose -> false, automaticTestTable -> null, breakAfterAcquireFailure -> false, checkoutTimeout -> 10000, connectionCustomizerClassName -> null, connectionTesterClassName -> com.mchange.v2.c3p0.impl.DefaultConnectionTester, contextClassLoaderSource -> caller, dataSourceName -> 1hgekt89p107rrsshr3vc2|6e0f5f7f, debugUnreturnedConnectionStackTraces -> false, description -> null, driverClass -> com.mysql.jdbc.Driver, extensions -> {}, factoryClassLocation -> null, forceIgnoreUnresolvedTransactions -> false, forceSynchronousCheckins -> false, forceUseNamedDriverClass -> false, identityToken -> 1hgekt89p107rrsshr3vc2|6e0f5f7f, idleConnectionTestPeriod -> 0, initialPoolSize -> 3, jdbcUrl -> jdbc:mysql://localhost:3306/db_poi, maxAdministrativeTaskTime -> 0, maxConnectionAge -> 0, maxIdleTime -> 0, maxIdleTimeExcessConnections -> 0, maxPoolSize -> 30, maxStatements -> 0, maxStatementsPerConnection -> 0, minPoolSize -> 10, numHelperThreads -> 3, preferredTestQuery -> null, privilegeSpawnedThreads -> false, properties -> {user=******, password=******}, propertyCycle -> 0, statementCacheNumDeferredCloseThreads -> 0, testConnectionOnCheckin -> false, testConnectionOnCheckout -> false, unreturnedConnectionTimeout -> 0, userOverrides -> {}, usesTraditionalReflectiveProxies -> false ]
[WARN] [2017-07-27 13:30:22][com.mchange.v2.resourcepool.BasicResourcePool]Bad pool size config, start 3 < min 10. Using 10 as start.
[INFO] [2017-07-27 13:30:27][org.springframework.context.support.GenericApplicationContext]Closing org.springframework.context.support.GenericApplicationContext@4e1d422d: startup date [Thu Jul 27 13:30:21 CST 2017]; root of context hierarchy
[INFO] [2017-07-27 13:30:41][org.springframework.test.context.support.DefaultTestContextBootstrapper]Loaded default TestExecutionListener class names from location [META-INF/spring.factories]: [org.springframework.test.context.web.ServletTestExecutionListener, org.springframework.test.context.support.DirtiesContextBeforeModesTestExecutionListener, org.springframework.test.context.support.DependencyInjectionTestExecutionListener, org.springframework.test.context.support.DirtiesContextTestExecutionListener, org.springframework.test.context.transaction.TransactionalTestExecutionListener, org.springframework.test.context.jdbc.SqlScriptsTestExecutionListener]
[INFO] [2017-07-27 13:30:41][org.springframework.test.context.support.DefaultTestContextBootstrapper]Using TestExecutionListeners: [org.springframework.test.context.web.ServletTestExecutionListener@47c62251, org.springframework.test.context.support.DirtiesContextBeforeModesTestExecutionListener@3e6fa38a, org.springframework.test.context.support.DependencyInjectionTestExecutionListener@66a3ffec, org.springframework.test.context.support.DirtiesContextTestExecutionListener@77caeb3e, org.springframework.test.context.transaction.TransactionalTestExecutionListener@1e88b3c, org.springframework.test.context.jdbc.SqlScriptsTestExecutionListener@42d80b78]
[INFO] [2017-07-27 13:30:53][org.springframework.test.context.support.DefaultTestContextBootstrapper]Loaded default TestExecutionListener class names from location [META-INF/spring.factories]: [org.springframework.test.context.web.ServletTestExecutionListener, org.springframework.test.context.support.DirtiesContextBeforeModesTestExecutionListener, org.springframework.test.context.support.DependencyInjectionTestExecutionListener, org.springframework.test.context.support.DirtiesContextTestExecutionListener, org.springframework.test.context.transaction.TransactionalTestExecutionListener, org.springframework.test.context.jdbc.SqlScriptsTestExecutionListener]
[INFO] [2017-07-27 13:30:53][org.springframework.test.context.support.DefaultTestContextBootstrapper]Using TestExecutionListeners: [org.springframework.test.context.web.ServletTestExecutionListener@47c62251, org.springframework.test.context.support.DirtiesContextBeforeModesTestExecutionListener@3e6fa38a, org.springframework.test.context.support.DependencyInjectionTestExecutionListener@66a3ffec, org.springframework.test.context.support.DirtiesContextTestExecutionListener@77caeb3e, org.springframework.test.context.transaction.TransactionalTestExecutionListener@1e88b3c, org.springframework.test.context.jdbc.SqlScriptsTestExecutionListener@42d80b78]
[INFO] [2017-07-27 13:30:54][org.springframework.beans.factory.xml.XmlBeanDefinitionReader]Loading XML bean definitions from class path resource [spring/spring-dao.xml]
[INFO] [2017-07-27 13:30:54][org.springframework.beans.factory.xml.XmlBeanDefinitionReader]Loading XML bean definitions from class path resource [spring/spring-service.xml]
[INFO] [2017-07-27 13:30:54][org.springframework.context.support.GenericApplicationContext]Refreshing org.springframework.context.support.GenericApplicationContext@4e1d422d: startup date [Thu Jul 27 13:30:54 CST 2017]; root of context hierarchy
[INFO] [2017-07-27 13:30:54][com.mchange.v2.log.MLog]MLog clients using slf4j logging.
[INFO] [2017-07-27 13:30:55][com.mchange.v2.c3p0.C3P0Registry]Initializing c3p0-0.9.5.2 [built 08-December-2015 22:06:04 -0800; debug? true; trace: 10]
[INFO] [2017-07-27 13:30:55][com.mchange.v2.c3p0.impl.AbstractPoolBackedDataSource]Initializing c3p0 pool... com.mchange.v2.c3p0.ComboPooledDataSource [ acquireIncrement -> 3, acquireRetryAttempts -> 3, acquireRetryDelay -> 1000, autoCommitOnClose -> false, automaticTestTable -> null, breakAfterAcquireFailure -> false, checkoutTimeout -> 10000, connectionCustomizerClassName -> null, connectionTesterClassName -> com.mchange.v2.c3p0.impl.DefaultConnectionTester, contextClassLoaderSource -> caller, dataSourceName -> 1hgekt89p107shgg1wgbjv4|68c9133c, debugUnreturnedConnectionStackTraces -> false, description -> null, driverClass -> com.mysql.jdbc.Driver, extensions -> {}, factoryClassLocation -> null, forceIgnoreUnresolvedTransactions -> false, forceSynchronousCheckins -> false, forceUseNamedDriverClass -> false, identityToken -> 1hgekt89p107shgg1wgbjv4|68c9133c, idleConnectionTestPeriod -> 0, initialPoolSize -> 3, jdbcUrl -> jdbc:mysql://localhost:3306/db_poi, maxAdministrativeTaskTime -> 0, maxConnectionAge -> 0, maxIdleTime -> 0, maxIdleTimeExcessConnections -> 0, maxPoolSize -> 30, maxStatements -> 0, maxStatementsPerConnection -> 0, minPoolSize -> 10, numHelperThreads -> 3, preferredTestQuery -> null, privilegeSpawnedThreads -> false, properties -> {user=******, password=******}, propertyCycle -> 0, statementCacheNumDeferredCloseThreads -> 0, testConnectionOnCheckin -> false, testConnectionOnCheckout -> false, unreturnedConnectionTimeout -> 0, userOverrides -> {}, usesTraditionalReflectiveProxies -> false ]
[WARN] [2017-07-27 13:30:55][com.mchange.v2.resourcepool.BasicResourcePool]Bad pool size config, start 3 < min 10. Using 10 as start.
[INFO] [2017-07-27 13:30:56][org.springframework.context.support.GenericApplicationContext]Closing org.springframework.context.support.GenericApplicationContext@4e1d422d: startup date [Thu Jul 27 13:30:54 CST 2017]; root of context hierarchy
[INFO] [2017-07-27 13:37:58][org.springframework.test.context.support.DefaultTestContextBootstrapper]Loaded default TestExecutionListener class names from location [META-INF/spring.factories]: [org.springframework.test.context.web.ServletTestExecutionListener, org.springframework.test.context.support.DirtiesContextBeforeModesTestExecutionListener, org.springframework.test.context.support.DependencyInjectionTestExecutionListener, org.springframework.test.context.support.DirtiesContextTestExecutionListener, org.springframework.test.context.transaction.TransactionalTestExecutionListener, org.springframework.test.context.jdbc.SqlScriptsTestExecutionListener]
[INFO] [2017-07-27 13:37:58][org.springframework.test.context.support.DefaultTestContextBootstrapper]Using TestExecutionListeners: [org.springframework.test.context.web.ServletTestExecutionListener@3532ec19, org.springframework.test.context.support.DirtiesContextBeforeModesTestExecutionListener@68c4039c, org.springframework.test.context.support.DependencyInjectionTestExecutionListener@ae45eb6, org.springframework.test.context.support.DirtiesContextTestExecutionListener@59f99ea, org.springframework.test.context.transaction.TransactionalTestExecutionListener@27efef64, org.springframework.test.context.jdbc.SqlScriptsTestExecutionListener@6f7fd0e6]
[INFO] [2017-07-27 13:37:58][org.springframework.beans.factory.xml.XmlBeanDefinitionReader]Loading XML bean definitions from class path resource [spring/spring-dao.xml]
[INFO] [2017-07-27 13:37:59][org.springframework.beans.factory.xml.XmlBeanDefinitionReader]Loading XML bean definitions from class path resource [spring/spring-service.xml]
[INFO] [2017-07-27 13:37:59][org.springframework.context.support.GenericApplicationContext]Refreshing org.springframework.context.support.GenericApplicationContext@544fe44c: startup date [Thu Jul 27 13:37:59 CST 2017]; root of context hierarchy
[INFO] [2017-07-27 13:37:59][com.mchange.v2.log.MLog]MLog clients using slf4j logging.
[INFO] [2017-07-27 13:37:59][com.mchange.v2.c3p0.C3P0Registry]Initializing c3p0-0.9.5.2 [built 08-December-2015 22:06:04 -0800; debug? true; trace: 10]
[INFO] [2017-07-27 13:38:00][com.mchange.v2.c3p0.impl.AbstractPoolBackedDataSource]Initializing c3p0 pool... com.mchange.v2.c3p0.ComboPooledDataSource [ acquireIncrement -> 3, acquireRetryAttempts -> 3, acquireRetryDelay -> 1000, autoCommitOnClose -> false, automaticTestTable -> null, breakAfterAcquireFailure -> false, checkoutTimeout -> 10000, connectionCustomizerClassName -> null, connectionTesterClassName -> com.mchange.v2.c3p0.impl.DefaultConnectionTester, contextClassLoaderSource -> caller, dataSourceName -> 1hgekt89p1081l8312tsy6w|72035809, debugUnreturnedConnectionStackTraces -> false, description -> null, driverClass -> com.mysql.jdbc.Driver, extensions -> {}, factoryClassLocation -> null, forceIgnoreUnresolvedTransactions -> false, forceSynchronousCheckins -> false, forceUseNamedDriverClass -> false, identityToken -> 1hgekt89p1081l8312tsy6w|72035809, idleConnectionTestPeriod -> 0, initialPoolSize -> 3, jdbcUrl -> jdbc:mysql://localhost:3306/db_poi, maxAdministrativeTaskTime -> 0, maxConnectionAge -> 0, maxIdleTime -> 0, maxIdleTimeExcessConnections -> 0, maxPoolSize -> 30, maxStatements -> 0, maxStatementsPerConnection -> 0, minPoolSize -> 10, numHelperThreads -> 3, preferredTestQuery -> null, privilegeSpawnedThreads -> false, properties -> {user=******, password=******}, propertyCycle -> 0, statementCacheNumDeferredCloseThreads -> 0, testConnectionOnCheckin -> false, testConnectionOnCheckout -> false, unreturnedConnectionTimeout -> 0, userOverrides -> {}, usesTraditionalReflectiveProxies -> false ]
[WARN] [2017-07-27 13:38:00][com.mchange.v2.resourcepool.BasicResourcePool]Bad pool size config, start 3 < min 10. Using 10 as start.
[INFO] [2017-07-27 13:38:01][org.springframework.context.support.GenericApplicationContext]Closing org.springframework.context.support.GenericApplicationContext@544fe44c: startup date [Thu Jul 27 13:37:59 CST 2017]; root of context hierarchy
[INFO] [2017-07-27 13:38:53][org.springframework.test.context.support.DefaultTestContextBootstrapper]Loaded default TestExecutionListener class names from location [META-INF/spring.factories]: [org.springframework.test.context.web.ServletTestExecutionListener, org.springframework.test.context.support.DirtiesContextBeforeModesTestExecutionListener, org.springframework.test.context.support.DependencyInjectionTestExecutionListener, org.springframework.test.context.support.DirtiesContextTestExecutionListener, org.springframework.test.context.transaction.TransactionalTestExecutionListener, org.springframework.test.context.jdbc.SqlScriptsTestExecutionListener]
[INFO] [2017-07-27 13:38:53][org.springframework.test.context.support.DefaultTestContextBootstrapper]Using TestExecutionListeners: [org.springframework.test.context.web.ServletTestExecutionListener@3532ec19, org.springframework.test.context.support.DirtiesContextBeforeModesTestExecutionListener@68c4039c, org.springframework.test.context.support.DependencyInjectionTestExecutionListener@ae45eb6, org.springframework.test.context.support.DirtiesContextTestExecutionListener@59f99ea, org.springframework.test.context.transaction.TransactionalTestExecutionListener@27efef64, org.springframework.test.context.jdbc.SqlScriptsTestExecutionListener@6f7fd0e6]
[INFO] [2017-07-27 13:38:53][org.springframework.beans.factory.xml.XmlBeanDefinitionReader]Loading XML bean definitions from class path resource [spring/spring-dao.xml]
[INFO] [2017-07-27 13:38:54][org.springframework.beans.factory.xml.XmlBeanDefinitionReader]Loading XML bean definitions from class path resource [spring/spring-service.xml]
[INFO] [2017-07-27 13:38:54][org.springframework.context.support.GenericApplicationContext]Refreshing org.springframework.context.support.GenericApplicationContext@544fe44c: startup date [Thu Jul 27 13:38:54 CST 2017]; root of context hierarchy
[INFO] [2017-07-27 13:38:54][com.mchange.v2.log.MLog]MLog clients using slf4j logging.
[INFO] [2017-07-27 13:38:55][com.mchange.v2.c3p0.C3P0Registry]Initializing c3p0-0.9.5.2 [built 08-December-2015 22:06:04 -0800; debug? true; trace: 10]
[INFO] [2017-07-27 13:38:55][com.mchange.v2.c3p0.impl.AbstractPoolBackedDataSource]Initializing c3p0 pool... com.mchange.v2.c3p0.ComboPooledDataSource [ acquireIncrement -> 3, acquireRetryAttempts -> 3, acquireRetryDelay -> 1000, autoCommitOnClose -> false, automaticTestTable -> null, breakAfterAcquireFailure -> false, checkoutTimeout -> 10000, connectionCustomizerClassName -> null, connectionTesterClassName -> com.mchange.v2.c3p0.impl.DefaultConnectionTester, contextClassLoaderSource -> caller, dataSourceName -> 1hgekt89p1082rqkt9s315|72035809, debugUnreturnedConnectionStackTraces -> false, description -> null, driverClass -> com.mysql.jdbc.Driver, extensions -> {}, factoryClassLocation -> null, forceIgnoreUnresolvedTransactions -> false, forceSynchronousCheckins -> false, forceUseNamedDriverClass -> false, identityToken -> 1hgekt89p1082rqkt9s315|72035809, idleConnectionTestPeriod -> 0, initialPoolSize -> 3, jdbcUrl -> jdbc:mysql://localhost:3306/db_poi, maxAdministrativeTaskTime -> 0, maxConnectionAge -> 0, maxIdleTime -> 0, maxIdleTimeExcessConnections -> 0, maxPoolSize -> 30, maxStatements -> 0, maxStatementsPerConnection -> 0, minPoolSize -> 10, numHelperThreads -> 3, preferredTestQuery -> null, privilegeSpawnedThreads -> false, properties -> {user=******, password=******}, propertyCycle -> 0, statementCacheNumDeferredCloseThreads -> 0, testConnectionOnCheckin -> false, testConnectionOnCheckout -> false, unreturnedConnectionTimeout -> 0, userOverrides -> {}, usesTraditionalReflectiveProxies -> false ]
[WARN] [2017-07-27 13:38:55][com.mchange.v2.resourcepool.BasicResourcePool]Bad pool size config, start 3 < min 10. Using 10 as start.
[INFO] [2017-07-27 13:38:56][org.springframework.context.support.GenericApplicationContext]Closing org.springframework.context.support.GenericApplicationContext@544fe44c: startup date [Thu Jul 27 13:38:54 CST 2017]; root of context hierarchy
[INFO] [2017-07-27 13:39:27][org.springframework.test.context.support.DefaultTestContextBootstrapper]Loaded default TestExecutionListener class names from location [META-INF/spring.factories]: [org.springframework.test.context.web.ServletTestExecutionListener, org.springframework.test.context.support.DirtiesContextBeforeModesTestExecutionListener, org.springframework.test.context.support.DependencyInjectionTestExecutionListener, org.springframework.test.context.support.DirtiesContextTestExecutionListener, org.springframework.test.context.transaction.TransactionalTestExecutionListener, org.springframework.test.context.jdbc.SqlScriptsTestExecutionListener]
[INFO] [2017-07-27 13:39:27][org.springframework.test.context.support.DefaultTestContextBootstrapper]Using TestExecutionListeners: [org.springframework.test.context.web.ServletTestExecutionListener@3532ec19, org.springframework.test.context.support.DirtiesContextBeforeModesTestExecutionListener@68c4039c, org.springframework.test.context.support.DependencyInjectionTestExecutionListener@ae45eb6, org.springframework.test.context.support.DirtiesContextTestExecutionListener@59f99ea, org.springframework.test.context.transaction.TransactionalTestExecutionListener@27efef64, org.springframework.test.context.jdbc.SqlScriptsTestExecutionListener@6f7fd0e6]
[INFO] [2017-07-27 13:39:27][org.springframework.beans.factory.xml.XmlBeanDefinitionReader]Loading XML bean definitions from class path resource [spring/spring-dao.xml]
[INFO] [2017-07-27 13:39:28][org.springframework.beans.factory.xml.XmlBeanDefinitionReader]Loading XML bean definitions from class path resource [spring/spring-service.xml]
[INFO] [2017-07-27 13:39:28][org.springframework.context.support.GenericApplicationContext]Refreshing org.springframework.context.support.GenericApplicationContext@544fe44c: startup date [Thu Jul 27 13:39:28 CST 2017]; root of context hierarchy
[INFO] [2017-07-27 13:39:28][com.mchange.v2.log.MLog]MLog clients using slf4j logging.
[INFO] [2017-07-27 13:39:28][com.mchange.v2.c3p0.C3P0Registry]Initializing c3p0-0.9.5.2 [built 08-December-2015 22:06:04 -0800; debug? true; trace: 10]
[INFO] [2017-07-27 13:39:29][com.mchange.v2.c3p0.impl.AbstractPoolBackedDataSource]Initializing c3p0 pool... com.mchange.v2.c3p0.ComboPooledDataSource [ acquireIncrement -> 3, acquireRetryAttempts -> 3, acquireRetryDelay -> 1000, autoCommitOnClose -> false, automaticTestTable -> null, breakAfterAcquireFailure -> false, checkoutTimeout -> 10000, connectionCustomizerClassName -> null, connectionTesterClassName -> com.mchange.v2.c3p0.impl.DefaultConnectionTester, contextClassLoaderSource -> caller, dataSourceName -> 1hgekt89p1083hrab6bwbs|72035809, debugUnreturnedConnectionStackTraces -> false, description -> null, driverClass -> com.mysql.jdbc.Driver, extensions -> {}, factoryClassLocation -> null, forceIgnoreUnresolvedTransactions -> false, forceSynchronousCheckins -> false, forceUseNamedDriverClass -> false, identityToken -> 1hgekt89p1083hrab6bwbs|72035809, idleConnectionTestPeriod -> 0, initialPoolSize -> 3, jdbcUrl -> jdbc:mysql://localhost:3306/db_poi, maxAdministrativeTaskTime -> 0, maxConnectionAge -> 0, maxIdleTime -> 0, maxIdleTimeExcessConnections -> 0, maxPoolSize -> 30, maxStatements -> 0, maxStatementsPerConnection -> 0, minPoolSize -> 10, numHelperThreads -> 3, preferredTestQuery -> null, privilegeSpawnedThreads -> false, properties -> {user=******, password=******}, propertyCycle -> 0, statementCacheNumDeferredCloseThreads -> 0, testConnectionOnCheckin -> false, testConnectionOnCheckout -> false, unreturnedConnectionTimeout -> 0, userOverrides -> {}, usesTraditionalReflectiveProxies -> false ]
[WARN] [2017-07-27 13:39:29][com.mchange.v2.resourcepool.BasicResourcePool]Bad pool size config, start 3 < min 10. Using 10 as start.
[INFO] [2017-07-27 13:39:29][org.springframework.context.support.GenericApplicationContext]Closing org.springframework.context.support.GenericApplicationContext@544fe44c: startup date [Thu Jul 27 13:39:28 CST 2017]; root of context hierarchy
